C:\USERS\YOGA\DOCUMENTS\VISUAL STUDIO 2012\PROJECTS\LAB_5\LAB_5\DEBUG\DECODE.OBJ
C:\USERS\YOGA\DOCUMENTS\VISUAL STUDIO 2012\PROJECTS\LAB_5\LAB_5\DEBUG\MAIN.OBJ
C:\USERS\YOGA\DOCUMENTS\VISUAL STUDIO 2012\PROJECTS\LAB_5\LAB_5\DEBUG\VC110.PDB
C:\USERS\YOGA\DOCUMENTS\VISUAL STUDIO 2012\PROJECTS\LAB_5\DEBUG\LAB_5.ILK
C:\USERS\YOGA\DOCUMENTS\VISUAL STUDIO 2012\PROJECTS\LAB_5\DEBUG\LAB_5.EXE
C:\USERS\YOGA\DOCUMENTS\VISUAL STUDIO 2012\PROJECTS\LAB_5\DEBUG\LAB_5.PDB
c:\Users\Yoga\documents\visual studio 2012\Projects\Lab_5\Lab_5\Debug\decode.obj
c:\Users\Yoga\documents\visual studio 2012\Projects\Lab_5\Lab_5\Debug\main.obj
c:\Users\Yoga\documents\visual studio 2012\Projects\Lab_5\Lab_5\Debug\cl.command.1.tlog
c:\Users\Yoga\documents\visual studio 2012\Projects\Lab_5\Lab_5\Debug\CL.read.1.tlog
c:\Users\Yoga\documents\visual studio 2012\Projects\Lab_5\Lab_5\Debug\CL.write.1.tlog
c:\Users\Yoga\documents\visual studio 2012\Projects\Lab_5\Lab_5\Debug\link-cvtres.read.1.tlog
c:\Users\Yoga\documents\visual studio 2012\Projects\Lab_5\Lab_5\Debug\link-cvtres.write.1.tlog
c:\Users\Yoga\documents\visual studio 2012\Projects\Lab_5\Lab_5\Debug\link-rc.read.1.tlog
c:\Users\Yoga\documents\visual studio 2012\Projects\Lab_5\Lab_5\Debug\link-rc.write.1.tlog
c:\Users\Yoga\documents\visual studio 2012\Projects\Lab_5\Lab_5\Debug\link.command.1.tlog
c:\Users\Yoga\documents\visual studio 2012\Projects\Lab_5\Lab_5\Debug\link.read.1.tlog
c:\Users\Yoga\documents\visual studio 2012\Projects\Lab_5\Lab_5\Debug\link.write.1.tlog
c:\Users\Yoga\documents\visual studio 2012\Projects\Lab_5\Lab_5\Debug\vc110.idb
c:\Users\Yoga\documents\visual studio 2012\Projects\Lab_5\Lab_5\Debug\vc110.pdb
c:\users\yoga\documents\visual studio 2012\Projects\Lab_5\Debug\Lab_5.pdb
c:\users\yoga\documents\visual studio 2012\Projects\Lab_5\Debug\Lab_5.exe
c:\users\yoga\documents\visual studio 2012\Projects\Lab_5\Debug\Lab_5.ilk
